<?xml version="1.0" encoding="UTF-8"?>
<!-- Generated by org.testng.reporters.JUnitReportReporter -->
<testsuite hostname="Viveks-MBP.attlocal.net" failures="0" tests="1" name="com.qa.testcases.LoginPageTest" time="3.032" errors="0" timestamp="2022-08-03T17:45:13 EDT" skipped="0">
  <testcase classname="com.qa.testcases.LoginPageTest" name="logintohomepage" time="3.032"/>
  <system-out/>
</testsuite> <!-- com.qa.testcases.LoginPageTest -->
